<?xml version="1.0" encoding="UTF-8"?>
<!-- Generated by org.testng.reporters.JUnitXMLReporter -->
<testsuite hostname="SHREE-LAPTOP" name="Banking Test" tests="2" failures="0" timestamp="11 Jan 2021 15:31:31 GMT" time="622.133" errors="0">
  <testcase name="@BeforeClass initialize" time="0.0" classname="com.Banking.Testcases.LoginTest">
    <failure type="org.openqa.selenium.SessionNotCreatedException" message="session not created
from timeout: Timed out receiving message from renderer: 600.000
  (Session info: chrome=87.0.4280.141)
Build info: version: &amp;apos;3.141.59&amp;apos;, revision: &amp;apos;e82be7d358&amp;apos;, time: &amp;apos;2018-11-14T08:17:03&amp;apos;
System info: host: &amp;apos;SHREE-LAPTOP&amp;apos;, ip: &amp;apos;192.168.43.58&amp;apos;, os.name: &amp;apos;Windows 10&amp;apos;, os.arch: &amp;apos;amd64&amp;apos;, os.version: &amp;apos;10.0&amp;apos;, java.version: &amp;apos;1.8.0_241&amp;apos;
Driver info: driver.version: ChromeDriver
remote stacktrace: Backtrace:
	Ordinal0 [0x00CFC013+3194899]
	Ordinal0 [0x00BE6021+2056225]
	Ordinal0 [0x00A7F608+587272]
	Ordinal0 [0x00A736EC+538348]
	Ordinal0 [0x00A72A6F+535151]
	Ordinal0 [0x00A72E45+536133]
	Ordinal0 [0x00A727A5+534437]
	Ordinal0 [0x00A7BBC9+572361]
	Ordinal0 [0x00A72754+534356]
	Ordinal0 [0x00A73475+537717]
	Ordinal0 [0x00A72A6F+535151]
	Ordinal0 [0x00A72E45+536133]
	Ordinal0 [0x00A727A5+534437]
	Ordinal0 [0x00A79EFE+564990]
	Ordinal0 [0x00A72754+534356]
	Ordinal0 [0x00A73475+537717]
	Ordinal0 [0x00A72A6F+535151]
	Ordinal0 [0x00A72E45+536133]
	Ordinal0 [0x00A727A5+534437]
	Ordinal0 [0x00A78186+557446]
	Ordinal0 [0x00A72754+534356]
	Ordinal0 [0x00A73475+537717]
	Ordinal0 [0x00A72A6F+535151]
	Ordinal0 [0x00A72E45+536133]
	Ordinal0 [0x00A727A5+534437]
	Ordinal0 [0x00A774A7+554151]
	Ordinal0 [0x00A72754+534356]
	Ordinal0 [0x00A73475+537717]
	Ordinal0 [0x00A72A6F+535151]
	Ordinal0 [0x00A72E45+536133]
	Ordinal0 [0x00A727A5+534437]
	Ordinal0 [0x00A6F06C+520300]
	Ordinal0 [0x00A72754+534356]
	Ordinal0 [0x00A725BF+533951]
	Ordinal0 [0x00A723D3+533459]
	Ordinal0 [0x00A80620+591392]
	Ordinal0 [0x00A22A0C+207372]
	Ordinal0 [0x00A21D0D+204045]
	Ordinal0 [0x00A1FC1B+195611]
	Ordinal0 [0x00A03B7F+80767]
	Ordinal0 [0x00A04B4E+84814]
	Ordinal0 [0x00A04AD9+84697]
	Ordinal0 [0x00BFCE64+2149988]
	GetHandleVerifier [0x00E6BE95+1400773]
	GetHandleVerifier [0x00E6BB61+1399953]
	GetHandleVerifier [0x00E731FA+1430314]
	GetHandleVerifier [0x00E6C69F+1402831]
	Ordinal0 [0x00BF3D61+2112865]
	Ordinal0 [0x00BFE5CB+2155979]
	Ordinal0 [0x00BFE6F5+2156277]
	Ordinal0 [0x00C0F26E+2224750]
	BaseThreadInitThunk [0x751A0419+25]
	RtlGetAppContainerNamedObjectPath [0x77B5662D+237]
	RtlGetAppContainerNamedObjectPath [0x77B565FD+189]
">
      <![CDATA[org.openqa.selenium.SessionNotCreatedException: session not created
from timeout: Timed out receiving message from renderer: 600.000
  (Session info: chrome=87.0.4280.141)
Build info: version: '3.141.59', revision: 'e82be7d358', time: '2018-11-14T08:17:03'
System info: host: 'SHREE-LAPTOP', ip: '192.168.43.58', os.name: 'Windows 10', os.arch: 'amd64', os.version: '10.0', java.version: '1.8.0_241'
Driver info: driver.version: ChromeDriver
remote stacktrace: Backtrace:
	Ordinal0 [0x00CFC013+3194899]
	Ordinal0 [0x00BE6021+2056225]
	Ordinal0 [0x00A7F608+587272]
	Ordinal0 [0x00A736EC+538348]
	Ordinal0 [0x00A72A6F+535151]
	Ordinal0 [0x00A72E45+536133]
	Ordinal0 [0x00A727A5+534437]
	Ordinal0 [0x00A7BBC9+572361]
	Ordinal0 [0x00A72754+534356]
	Ordinal0 [0x00A73475+537717]
	Ordinal0 [0x00A72A6F+535151]
	Ordinal0 [0x00A72E45+536133]
	Ordinal0 [0x00A727A5+534437]
	Ordinal0 [0x00A79EFE+564990]
	Ordinal0 [0x00A72754+534356]
	Ordinal0 [0x00A73475+537717]
	Ordinal0 [0x00A72A6F+535151]
	Ordinal0 [0x00A72E45+536133]
	Ordinal0 [0x00A727A5+534437]
	Ordinal0 [0x00A78186+557446]
	Ordinal0 [0x00A72754+534356]
	Ordinal0 [0x00A73475+537717]
	Ordinal0 [0x00A72A6F+535151]
	Ordinal0 [0x00A72E45+536133]
	Ordinal0 [0x00A727A5+534437]
	Ordinal0 [0x00A774A7+554151]
	Ordinal0 [0x00A72754+534356]
	Ordinal0 [0x00A73475+537717]
	Ordinal0 [0x00A72A6F+535151]
	Ordinal0 [0x00A72E45+536133]
	Ordinal0 [0x00A727A5+534437]
	Ordinal0 [0x00A6F06C+520300]
	Ordinal0 [0x00A72754+534356]
	Ordinal0 [0x00A725BF+533951]
	Ordinal0 [0x00A723D3+533459]
	Ordinal0 [0x00A80620+591392]
	Ordinal0 [0x00A22A0C+207372]
	Ordinal0 [0x00A21D0D+204045]
	Ordinal0 [0x00A1FC1B+195611]
	Ordinal0 [0x00A03B7F+80767]
	Ordinal0 [0x00A04B4E+84814]
	Ordinal0 [0x00A04AD9+84697]
	Ordinal0 [0x00BFCE64+2149988]
	GetHandleVerifier [0x00E6BE95+1400773]
	GetHandleVerifier [0x00E6BB61+1399953]
	GetHandleVerifier [0x00E731FA+1430314]
	GetHandleVerifier [0x00E6C69F+1402831]
	Ordinal0 [0x00BF3D61+2112865]
	Ordinal0 [0x00BFE5CB+2155979]
	Ordinal0 [0x00BFE6F5+2156277]
	Ordinal0 [0x00C0F26E+2224750]
	BaseThreadInitThunk [0x751A0419+25]
	RtlGetAppContainerNamedObjectPath [0x77B5662D+237]
	RtlGetAppContainerNamedObjectPath [0x77B565FD+189]

	at org.openqa.selenium.remote.W3CHandshakeResponse.lambda$errorHandler$0(W3CHandshakeResponse.java:62)
	at org.openqa.selenium.remote.HandshakeResponse.lambda$getResponseFunction$0(HandshakeResponse.java:30)
	at org.openqa.selenium.remote.ProtocolHandshake.lambda$createSession$0(ProtocolHandshake.java:126)
	at java.util.stream.ReferencePipeline$3$1.accept(ReferencePipeline.java:193)
	at java.util.Spliterators$ArraySpliterator.tryAdvance(Spliterators.java:958)
	at java.util.stream.ReferencePipeline.forEachWithCancel(ReferencePipeline.java:126)
	at java.util.stream.AbstractPipeline.copyIntoWithCancel(AbstractPipeline.java:499)
	at java.util.stream.AbstractPipeline.copyInto(AbstractPipeline.java:486)
	at java.util.stream.AbstractPipeline.wrapAndCopyInto(AbstractPipeline.java:472)
	at java.util.stream.FindOps$FindOp.evaluateSequential(FindOps.java:152)
	at java.util.stream.AbstractPipeline.evaluate(AbstractPipeline.java:234)
	at java.util.stream.ReferencePipeline.findFirst(ReferencePipeline.java:464)
	at org.openqa.selenium.remote.ProtocolHandshake.createSession(ProtocolHandshake.java:128)
	at org.openqa.selenium.remote.ProtocolHandshake.createSession(ProtocolHandshake.java:74)
	at org.openqa.selenium.remote.HttpCommandExecutor.execute(HttpCommandExecutor.java:136)
	at org.openqa.selenium.remote.service.DriverCommandExecutor.execute(DriverCommandExecutor.java:83)
	at org.openqa.selenium.remote.RemoteWebDriver.execute(RemoteWebDriver.java:552)
	at org.openqa.selenium.remote.RemoteWebDriver.startSession(RemoteWebDriver.java:213)
	at org.openqa.selenium.remote.RemoteWebDriver.<init>(RemoteWebDriver.java:131)
	at org.openqa.selenium.chrome.ChromeDriver.<init>(ChromeDriver.java:181)
	at org.openqa.selenium.chrome.ChromeDriver.<init>(ChromeDriver.java:168)
	at org.openqa.selenium.chrome.ChromeDriver.<init>(ChromeDriver.java:123)
	at com.Banking.Testcases.BaseTest.initialize(BaseTest.java:43)
... Removed 32 stack frames]]>
    </failure>
  </testcase> <!-- @BeforeClass initialize -->
  <testcase name="@AfterMethod teardown" time="0.0" classname="com.Banking.Testcases.LoginTest">
    <skipped/>
  </testcase> <!-- @AfterMethod teardown -->
  <testcase name="@AfterMethod teardown" time="0.0" classname="com.Banking.Testcases.LoginTest">
    <skipped/>
  </testcase> <!-- @AfterMethod teardown -->
  <testcase name="@AfterClass closeBrowser" time="0.0" classname="com.Banking.Testcases.LoginTest">
    <skipped/>
  </testcase> <!-- @AfterClass closeBrowser -->
  <testcase name="login" time="0.002" classname="com.Banking.Testcases.LoginTest">
    <skipped/>
  </testcase> <!-- login -->
  <testcase name="contact_us" time="0.004" classname="com.Banking.Testcases.LoginTest">
    <skipped/>
  </testcase> <!-- contact_us -->
</testsuite> <!-- Banking Test -->
