<?xml version="1.0" encoding="UTF-8"?>
<!-- Generated by org.testng.reporters.JUnitReportReporter -->
<testsuite hostname="SHREE-LAPTOP" name="com.Banking.Testcases.LoginTest" tests="2" failures="2" timestamp="11 Jan 2021 15:31:33 GMT" time="0.006" errors="0">
  <testcase name="contact_us" time="0.004" classname="com.Banking.Testcases.LoginTest">
    <failure type="org.openqa.selenium.SessionNotCreatedException" message="session not created
from timeout: Timed out receiving message from renderer: 600.000
  (Session info: chrome=87.0.4280.141)
Build info: version: &#039;3.141.59&#039;, revision: &#039;e82be7d358&#039;, time: &#039;2018-11-14T08:17:03&#039;
System info: host: &#039;SHREE-LAPTOP&#039;, ip: &#039;192.168.43.58&#039;, os.name: &#039;Windows 10&#039;, os.arch: &#039;amd64&#039;, os.version: &#039;10.0&#039;, java.version: &#039;1.8.0_241&#039;
Driver info: driver.version: ChromeDriver
remote stacktrace: Backtrace:
	Ordinal0 [0x00CFC013+3194899]
	Ordinal0 [0x00BE6021+2056225]
	Ordinal0 [0x00A7F608+587272]
	Ordinal0 [0x00A736EC+538348]
	Ordinal0 [0x00A72A6F+535151]
	Ordinal0 [0x00A72E45+536133]
	Ordinal0 [0x00A727A5+534437]
	Ordinal0 [0x00A7BBC9+572361]
	Ordinal0 [0x00A72754+534356]
	Ordinal0 [0x00A73475+537717]
	Ordinal0 [0x00A72A6F+535151]
	Ordinal0 [0x00A72E45+536133]
	Ordinal0 [0x00A727A5+534437]
	Ordinal0 [0x00A79EFE+564990]
	Ordinal0 [0x00A72754+534356]
	Ordinal0 [0x00A73475+537717]
	Ordinal0 [0x00A72A6F+535151]
	Ordinal0 [0x00A72E45+536133]
	Ordinal0 [0x00A727A5+534437]
	Ordinal0 [0x00A78186+557446]
	Ordinal0 [0x00A72754+534356]
	Ordinal0 [0x00A73475+537717]
	Ordinal0 [0x00A72A6F+535151]
	Ordinal0 [0x00A72E45+536133]
	Ordinal0 [0x00A727A5+534437]
	Ordinal0 [0x00A774A7+554151]
	Ordinal0 [0x00A72754+534356]
	Ordinal0 [0x00A73475+537717]
	Ordinal0 [0x00A72A6F+535151]
	Ordinal0 [0x00A72E45+536133]
	Ordinal0 [0x00A727A5+534437]
	Ordinal0 [0x00A6F06C+520300]
	Ordinal0 [0x00A72754+534356]
	Ordinal0 [0x00A725BF+533951]
	Ordinal0 [0x00A723D3+533459]
	Ordinal0 [0x00A80620+591392]
	Ordinal0 [0x00A22A0C+207372]
	Ordinal0 [0x00A21D0D+204045]
	Ordinal0 [0x00A1FC1B+195611]
	Ordinal0 [0x00A03B7F+80767]
	Ordinal0 [0x00A04B4E+84814]
	Ordinal0 [0x00A04AD9+84697]
	Ordinal0 [0x00BFCE64+2149988]
	GetHandleVerifier [0x00E6BE95+1400773]
	GetHandleVerifier [0x00E6BB61+1399953]
	GetHandleVerifier [0x00E731FA+1430314]
	GetHandleVerifier [0x00E6C69F+1402831]
	Ordinal0 [0x00BF3D61+2112865]
	Ordinal0 [0x00BFE5CB+2155979]
	Ordinal0 [0x00BFE6F5+2156277]
	Ordinal0 [0x00C0F26E+2224750]
	BaseThreadInitThunk [0x751A0419+25]
	RtlGetAppContainerNamedObjectPath [0x77B5662D+237]
	RtlGetAppContainerNamedObjectPath [0x77B565FD+189]
">
      <![CDATA[org.openqa.selenium.SessionNotCreatedException: session not created
from timeout: Timed out receiving message from renderer: 600.000
  (Session info: chrome=87.0.4280.141)
Build info: version: '3.141.59', revision: 'e82be7d358', time: '2018-11-14T08:17:03'
System info: host: 'SHREE-LAPTOP', ip: '192.168.43.58', os.name: 'Windows 10', os.arch: 'amd64', os.version: '10.0', java.version: '1.8.0_241'
Driver info: driver.version: ChromeDriver
remote stacktrace: Backtrace:
	Ordinal0 [0x00CFC013+3194899]
	Ordinal0 [0x00BE6021+2056225]
	Ordinal0 [0x00A7F608+587272]
	Ordinal0 [0x00A736EC+538348]
	Ordinal0 [0x00A72A6F+535151]
	Ordinal0 [0x00A72E45+536133]
	Ordinal0 [0x00A727A5+534437]
	Ordinal0 [0x00A7BBC9+572361]
	Ordinal0 [0x00A72754+534356]
	Ordinal0 [0x00A73475+537717]
	Ordinal0 [0x00A72A6F+535151]
	Ordinal0 [0x00A72E45+536133]
	Ordinal0 [0x00A727A5+534437]
	Ordinal0 [0x00A79EFE+564990]
	Ordinal0 [0x00A72754+534356]
	Ordinal0 [0x00A73475+537717]
	Ordinal0 [0x00A72A6F+535151]
	Ordinal0 [0x00A72E45+536133]
	Ordinal0 [0x00A727A5+534437]
	Ordinal0 [0x00A78186+557446]
	Ordinal0 [0x00A72754+534356]
	Ordinal0 [0x00A73475+537717]
	Ordinal0 [0x00A72A6F+535151]
	Ordinal0 [0x00A72E45+536133]
	Ordinal0 [0x00A727A5+534437]
	Ordinal0 [0x00A774A7+554151]
	Ordinal0 [0x00A72754+534356]
	Ordinal0 [0x00A73475+537717]
	Ordinal0 [0x00A72A6F+535151]
	Ordinal0 [0x00A72E45+536133]
	Ordinal0 [0x00A727A5+534437]
	Ordinal0 [0x00A6F06C+520300]
	Ordinal0 [0x00A72754+534356]
	Ordinal0 [0x00A725BF+533951]
	Ordinal0 [0x00A723D3+533459]
	Ordinal0 [0x00A80620+591392]
	Ordinal0 [0x00A22A0C+207372]
	Ordinal0 [0x00A21D0D+204045]
	Ordinal0 [0x00A1FC1B+195611]
	Ordinal0 [0x00A03B7F+80767]
	Ordinal0 [0x00A04B4E+84814]
	Ordinal0 [0x00A04AD9+84697]
	Ordinal0 [0x00BFCE64+2149988]
	GetHandleVerifier [0x00E6BE95+1400773]
	GetHandleVerifier [0x00E6BB61+1399953]
	GetHandleVerifier [0x00E731FA+1430314]
	GetHandleVerifier [0x00E6C69F+1402831]
	Ordinal0 [0x00BF3D61+2112865]
	Ordinal0 [0x00BFE5CB+2155979]
	Ordinal0 [0x00BFE6F5+2156277]
	Ordinal0 [0x00C0F26E+2224750]
	BaseThreadInitThunk [0x751A0419+25]
	RtlGetAppContainerNamedObjectPath [0x77B5662D+237]
	RtlGetAppContainerNamedObjectPath [0x77B565FD+189]

	at sun.reflect.NativeConstructorAccessorImpl.newInstance0(Native Method)
	at sun.reflect.NativeConstructorAccessorImpl.newInstance(NativeConstructorAccessorImpl.java:62)
	at sun.reflect.DelegatingConstructorAccessorImpl.newInstance(DelegatingConstructorAccessorImpl.java:45)
	at java.lang.reflect.Constructor.newInstance(Constructor.java:423)
	at org.openqa.selenium.remote.W3CHandshakeResponse.lambda$errorHandler$0(W3CHandshakeResponse.java:62)
	at org.openqa.selenium.remote.HandshakeResponse.lambda$getResponseFunction$0(HandshakeResponse.java:30)
	at org.openqa.selenium.remote.ProtocolHandshake.lambda$createSession$0(ProtocolHandshake.java:126)
	at java.util.stream.ReferencePipeline$3$1.accept(ReferencePipeline.java:193)
	at java.util.Spliterators$ArraySpliterator.tryAdvance(Spliterators.java:958)
	at java.util.stream.ReferencePipeline.forEachWithCancel(ReferencePipeline.java:126)
	at java.util.stream.AbstractPipeline.copyIntoWithCancel(AbstractPipeline.java:499)
	at java.util.stream.AbstractPipeline.copyInto(AbstractPipeline.java:486)
	at java.util.stream.AbstractPipeline.wrapAndCopyInto(AbstractPipeline.java:472)
	at java.util.stream.FindOps$FindOp.evaluateSequential(FindOps.java:152)
	at java.util.stream.AbstractPipeline.evaluate(AbstractPipeline.java:234)
	at java.util.stream.ReferencePipeline.findFirst(ReferencePipeline.java:464)
	at org.openqa.selenium.remote.ProtocolHandshake.createSession(ProtocolHandshake.java:128)
	at org.openqa.selenium.remote.ProtocolHandshake.createSession(ProtocolHandshake.java:74)
	at org.openqa.selenium.remote.HttpCommandExecutor.execute(HttpCommandExecutor.java:136)
	at org.openqa.selenium.remote.service.DriverCommandExecutor.execute(DriverCommandExecutor.java:83)
	at org.openqa.selenium.remote.RemoteWebDriver.execute(RemoteWebDriver.java:552)
	at org.openqa.selenium.remote.RemoteWebDriver.startSession(RemoteWebDriver.java:213)
	at org.openqa.selenium.remote.RemoteWebDriver.<init>(RemoteWebDriver.java:131)
	at org.openqa.selenium.chrome.ChromeDriver.<init>(ChromeDriver.java:181)
	at org.openqa.selenium.chrome.ChromeDriver.<init>(ChromeDriver.java:168)
	at org.openqa.selenium.chrome.ChromeDriver.<init>(ChromeDriver.java:123)
	at com.Banking.Testcases.BaseTest.initialize(BaseTest.java:43)
	at sun.reflect.NativeMethodAccessorImpl.invoke0(Native Method)
	at sun.reflect.NativeMethodAccessorImpl.invoke(NativeMethodAccessorImpl.java:62)
	at sun.reflect.DelegatingMethodAccessorImpl.invoke(DelegatingMethodAccessorImpl.java:43)
	at java.lang.reflect.Method.invoke(Method.java:498)
	at org.testng.internal.MethodInvocationHelper.invokeMethod(MethodInvocationHelper.java:84)
	at org.testng.internal.Invoker.invokeConfigurationMethod(Invoker.java:564)
	at org.testng.internal.Invoker.invokeConfigurations(Invoker.java:213)
	at org.testng.internal.Invoker.invokeConfigurations(Invoker.java:138)
	at org.testng.internal.TestMethodWorker.invokeBeforeClassMethods(TestMethodWorker.java:175)
	at org.testng.internal.TestMethodWorker.run(TestMethodWorker.java:107)
	at org.testng.TestRunner.privateRun(TestRunner.java:767)
	at org.testng.TestRunner.run(TestRunner.java:617)
	at org.testng.SuiteRunner.runTest(SuiteRunner.java:348)
	at org.testng.SuiteRunner.runSequentially(SuiteRunner.java:343)
	at org.testng.SuiteRunner.privateRun(SuiteRunner.java:305)
	at org.testng.SuiteRunner.run(SuiteRunner.java:254)
	at org.testng.SuiteRunnerWorker.runSuite(SuiteRunnerWorker.java:52)
	at org.testng.SuiteRunnerWorker.run(SuiteRunnerWorker.java:86)
	at org.testng.TestNG.runSuitesSequentially(TestNG.java:1224)
	at org.testng.TestNG.runSuitesLocally(TestNG.java:1149)
	at org.testng.TestNG.run(TestNG.java:1057)
	at org.apache.maven.surefire.testng.TestNGExecutor.run(TestNGExecutor.java:284)
	at org.apache.maven.surefire.testng.TestNGXmlTestSuite.execute(TestNGXmlTestSuite.java:75)
	at org.apache.maven.surefire.testng.TestNGProvider.invoke(TestNGProvider.java:119)
	at org.apache.maven.surefire.booter.ForkedBooter.runSuitesInProcess(ForkedBooter.java:428)
	at org.apache.maven.surefire.booter.ForkedBooter.execute(ForkedBooter.java:162)
	at org.apache.maven.surefire.booter.ForkedBooter.run(ForkedBooter.java:562)
	at org.apache.maven.surefire.booter.ForkedBooter.main(ForkedBooter.java:548)
]]>
    </failure>
  </testcase> <!-- contact_us -->
  <testcase name="login" time="0.002" classname="com.Banking.Testcases.LoginTest">
    <failure type="org.openqa.selenium.SessionNotCreatedException" message="session not created
from timeout: Timed out receiving message from renderer: 600.000
  (Session info: chrome=87.0.4280.141)
Build info: version: &#039;3.141.59&#039;, revision: &#039;e82be7d358&#039;, time: &#039;2018-11-14T08:17:03&#039;
System info: host: &#039;SHREE-LAPTOP&#039;, ip: &#039;192.168.43.58&#039;, os.name: &#039;Windows 10&#039;, os.arch: &#039;amd64&#039;, os.version: &#039;10.0&#039;, java.version: &#039;1.8.0_241&#039;
Driver info: driver.version: ChromeDriver
remote stacktrace: Backtrace:
	Ordinal0 [0x00CFC013+3194899]
	Ordinal0 [0x00BE6021+2056225]
	Ordinal0 [0x00A7F608+587272]
	Ordinal0 [0x00A736EC+538348]
	Ordinal0 [0x00A72A6F+535151]
	Ordinal0 [0x00A72E45+536133]
	Ordinal0 [0x00A727A5+534437]
	Ordinal0 [0x00A7BBC9+572361]
	Ordinal0 [0x00A72754+534356]
	Ordinal0 [0x00A73475+537717]
	Ordinal0 [0x00A72A6F+535151]
	Ordinal0 [0x00A72E45+536133]
	Ordinal0 [0x00A727A5+534437]
	Ordinal0 [0x00A79EFE+564990]
	Ordinal0 [0x00A72754+534356]
	Ordinal0 [0x00A73475+537717]
	Ordinal0 [0x00A72A6F+535151]
	Ordinal0 [0x00A72E45+536133]
	Ordinal0 [0x00A727A5+534437]
	Ordinal0 [0x00A78186+557446]
	Ordinal0 [0x00A72754+534356]
	Ordinal0 [0x00A73475+537717]
	Ordinal0 [0x00A72A6F+535151]
	Ordinal0 [0x00A72E45+536133]
	Ordinal0 [0x00A727A5+534437]
	Ordinal0 [0x00A774A7+554151]
	Ordinal0 [0x00A72754+534356]
	Ordinal0 [0x00A73475+537717]
	Ordinal0 [0x00A72A6F+535151]
	Ordinal0 [0x00A72E45+536133]
	Ordinal0 [0x00A727A5+534437]
	Ordinal0 [0x00A6F06C+520300]
	Ordinal0 [0x00A72754+534356]
	Ordinal0 [0x00A725BF+533951]
	Ordinal0 [0x00A723D3+533459]
	Ordinal0 [0x00A80620+591392]
	Ordinal0 [0x00A22A0C+207372]
	Ordinal0 [0x00A21D0D+204045]
	Ordinal0 [0x00A1FC1B+195611]
	Ordinal0 [0x00A03B7F+80767]
	Ordinal0 [0x00A04B4E+84814]
	Ordinal0 [0x00A04AD9+84697]
	Ordinal0 [0x00BFCE64+2149988]
	GetHandleVerifier [0x00E6BE95+1400773]
	GetHandleVerifier [0x00E6BB61+1399953]
	GetHandleVerifier [0x00E731FA+1430314]
	GetHandleVerifier [0x00E6C69F+1402831]
	Ordinal0 [0x00BF3D61+2112865]
	Ordinal0 [0x00BFE5CB+2155979]
	Ordinal0 [0x00BFE6F5+2156277]
	Ordinal0 [0x00C0F26E+2224750]
	BaseThreadInitThunk [0x751A0419+25]
	RtlGetAppContainerNamedObjectPath [0x77B5662D+237]
	RtlGetAppContainerNamedObjectPath [0x77B565FD+189]
">
      <![CDATA[org.openqa.selenium.SessionNotCreatedException: session not created
from timeout: Timed out receiving message from renderer: 600.000
  (Session info: chrome=87.0.4280.141)
Build info: version: '3.141.59', revision: 'e82be7d358', time: '2018-11-14T08:17:03'
System info: host: 'SHREE-LAPTOP', ip: '192.168.43.58', os.name: 'Windows 10', os.arch: 'amd64', os.version: '10.0', java.version: '1.8.0_241'
Driver info: driver.version: ChromeDriver
remote stacktrace: Backtrace:
	Ordinal0 [0x00CFC013+3194899]
	Ordinal0 [0x00BE6021+2056225]
	Ordinal0 [0x00A7F608+587272]
	Ordinal0 [0x00A736EC+538348]
	Ordinal0 [0x00A72A6F+535151]
	Ordinal0 [0x00A72E45+536133]
	Ordinal0 [0x00A727A5+534437]
	Ordinal0 [0x00A7BBC9+572361]
	Ordinal0 [0x00A72754+534356]
	Ordinal0 [0x00A73475+537717]
	Ordinal0 [0x00A72A6F+535151]
	Ordinal0 [0x00A72E45+536133]
	Ordinal0 [0x00A727A5+534437]
	Ordinal0 [0x00A79EFE+564990]
	Ordinal0 [0x00A72754+534356]
	Ordinal0 [0x00A73475+537717]
	Ordinal0 [0x00A72A6F+535151]
	Ordinal0 [0x00A72E45+536133]
	Ordinal0 [0x00A727A5+534437]
	Ordinal0 [0x00A78186+557446]
	Ordinal0 [0x00A72754+534356]
	Ordinal0 [0x00A73475+537717]
	Ordinal0 [0x00A72A6F+535151]
	Ordinal0 [0x00A72E45+536133]
	Ordinal0 [0x00A727A5+534437]
	Ordinal0 [0x00A774A7+554151]
	Ordinal0 [0x00A72754+534356]
	Ordinal0 [0x00A73475+537717]
	Ordinal0 [0x00A72A6F+535151]
	Ordinal0 [0x00A72E45+536133]
	Ordinal0 [0x00A727A5+534437]
	Ordinal0 [0x00A6F06C+520300]
	Ordinal0 [0x00A72754+534356]
	Ordinal0 [0x00A725BF+533951]
	Ordinal0 [0x00A723D3+533459]
	Ordinal0 [0x00A80620+591392]
	Ordinal0 [0x00A22A0C+207372]
	Ordinal0 [0x00A21D0D+204045]
	Ordinal0 [0x00A1FC1B+195611]
	Ordinal0 [0x00A03B7F+80767]
	Ordinal0 [0x00A04B4E+84814]
	Ordinal0 [0x00A04AD9+84697]
	Ordinal0 [0x00BFCE64+2149988]
	GetHandleVerifier [0x00E6BE95+1400773]
	GetHandleVerifier [0x00E6BB61+1399953]
	GetHandleVerifier [0x00E731FA+1430314]
	GetHandleVerifier [0x00E6C69F+1402831]
	Ordinal0 [0x00BF3D61+2112865]
	Ordinal0 [0x00BFE5CB+2155979]
	Ordinal0 [0x00BFE6F5+2156277]
	Ordinal0 [0x00C0F26E+2224750]
	BaseThreadInitThunk [0x751A0419+25]
	RtlGetAppContainerNamedObjectPath [0x77B5662D+237]
	RtlGetAppContainerNamedObjectPath [0x77B565FD+189]

	at sun.reflect.NativeConstructorAccessorImpl.newInstance0(Native Method)
	at sun.reflect.NativeConstructorAccessorImpl.newInstance(NativeConstructorAccessorImpl.java:62)
	at sun.reflect.DelegatingConstructorAccessorImpl.newInstance(DelegatingConstructorAccessorImpl.java:45)
	at java.lang.reflect.Constructor.newInstance(Constructor.java:423)
	at org.openqa.selenium.remote.W3CHandshakeResponse.lambda$errorHandler$0(W3CHandshakeResponse.java:62)
	at org.openqa.selenium.remote.HandshakeResponse.lambda$getResponseFunction$0(HandshakeResponse.java:30)
	at org.openqa.selenium.remote.ProtocolHandshake.lambda$createSession$0(ProtocolHandshake.java:126)
	at java.util.stream.ReferencePipeline$3$1.accept(ReferencePipeline.java:193)
	at java.util.Spliterators$ArraySpliterator.tryAdvance(Spliterators.java:958)
	at java.util.stream.ReferencePipeline.forEachWithCancel(ReferencePipeline.java:126)
	at java.util.stream.AbstractPipeline.copyIntoWithCancel(AbstractPipeline.java:499)
	at java.util.stream.AbstractPipeline.copyInto(AbstractPipeline.java:486)
	at java.util.stream.AbstractPipeline.wrapAndCopyInto(AbstractPipeline.java:472)
	at java.util.stream.FindOps$FindOp.evaluateSequential(FindOps.java:152)
	at java.util.stream.AbstractPipeline.evaluate(AbstractPipeline.java:234)
	at java.util.stream.ReferencePipeline.findFirst(ReferencePipeline.java:464)
	at org.openqa.selenium.remote.ProtocolHandshake.createSession(ProtocolHandshake.java:128)
	at org.openqa.selenium.remote.ProtocolHandshake.createSession(ProtocolHandshake.java:74)
	at org.openqa.selenium.remote.HttpCommandExecutor.execute(HttpCommandExecutor.java:136)
	at org.openqa.selenium.remote.service.DriverCommandExecutor.execute(DriverCommandExecutor.java:83)
	at org.openqa.selenium.remote.RemoteWebDriver.execute(RemoteWebDriver.java:552)
	at org.openqa.selenium.remote.RemoteWebDriver.startSession(RemoteWebDriver.java:213)
	at org.openqa.selenium.remote.RemoteWebDriver.<init>(RemoteWebDriver.java:131)
	at org.openqa.selenium.chrome.ChromeDriver.<init>(ChromeDriver.java:181)
	at org.openqa.selenium.chrome.ChromeDriver.<init>(ChromeDriver.java:168)
	at org.openqa.selenium.chrome.ChromeDriver.<init>(ChromeDriver.java:123)
	at com.Banking.Testcases.BaseTest.initialize(BaseTest.java:43)
	at sun.reflect.NativeMethodAccessorImpl.invoke0(Native Method)
	at sun.reflect.NativeMethodAccessorImpl.invoke(NativeMethodAccessorImpl.java:62)
	at sun.reflect.DelegatingMethodAccessorImpl.invoke(DelegatingMethodAccessorImpl.java:43)
	at java.lang.reflect.Method.invoke(Method.java:498)
	at org.testng.internal.MethodInvocationHelper.invokeMethod(MethodInvocationHelper.java:84)
	at org.testng.internal.Invoker.invokeConfigurationMethod(Invoker.java:564)
	at org.testng.internal.Invoker.invokeConfigurations(Invoker.java:213)
	at org.testng.internal.Invoker.invokeConfigurations(Invoker.java:138)
	at org.testng.internal.TestMethodWorker.invokeBeforeClassMethods(TestMethodWorker.java:175)
	at org.testng.internal.TestMethodWorker.run(TestMethodWorker.java:107)
	at org.testng.TestRunner.privateRun(TestRunner.java:767)
	at org.testng.TestRunner.run(TestRunner.java:617)
	at org.testng.SuiteRunner.runTest(SuiteRunner.java:348)
	at org.testng.SuiteRunner.runSequentially(SuiteRunner.java:343)
	at org.testng.SuiteRunner.privateRun(SuiteRunner.java:305)
	at org.testng.SuiteRunner.run(SuiteRunner.java:254)
	at org.testng.SuiteRunnerWorker.runSuite(SuiteRunnerWorker.java:52)
	at org.testng.SuiteRunnerWorker.run(SuiteRunnerWorker.java:86)
	at org.testng.TestNG.runSuitesSequentially(TestNG.java:1224)
	at org.testng.TestNG.runSuitesLocally(TestNG.java:1149)
	at org.testng.TestNG.run(TestNG.java:1057)
	at org.apache.maven.surefire.testng.TestNGExecutor.run(TestNGExecutor.java:284)
	at org.apache.maven.surefire.testng.TestNGXmlTestSuite.execute(TestNGXmlTestSuite.java:75)
	at org.apache.maven.surefire.testng.TestNGProvider.invoke(TestNGProvider.java:119)
	at org.apache.maven.surefire.booter.ForkedBooter.runSuitesInProcess(ForkedBooter.java:428)
	at org.apache.maven.surefire.booter.ForkedBooter.execute(ForkedBooter.java:162)
	at org.apache.maven.surefire.booter.ForkedBooter.run(ForkedBooter.java:562)
	at org.apache.maven.surefire.booter.ForkedBooter.main(ForkedBooter.java:548)
]]>
    </failure>
  </testcase> <!-- login -->
</testsuite> <!-- com.Banking.Testcases.LoginTest -->
